<?xml version="1.0" encoding="UTF-8"?>
<testng-results ignored="0" total="1" passed="1" failed="0" skipped="0">
  <reporter-output>
  </reporter-output>
  <suite started-at="2018-11-17T02:22:52Z" name="Default suite" finished-at="2018-11-17T02:22:52Z" duration-ms="52">
    <groups>
    </groups>
    <test started-at="2018-11-17T02:22:52Z" name="Default test" finished-at="2018-11-17T02:22:52Z" duration-ms="52">
      <class name="COmpanyname.jarfile.Depndtest">
        <test-method signature="Sum()[pri:0, instance:COmpanyname.jarfile.Depndtest@63475ace]" started-at="2018-11-17T02:22:52Z" name="Sum" finished-at="2018-11-17T02:22:52Z" duration-ms="16" status="PASS">
          <reporter-output>
          </reporter-output>
        </test-method> <!-- Sum -->
      </class> <!-- COmpanyname.jarfile.Depndtest -->
    </test> <!-- Default test -->
  </suite> <!-- Default suite -->
</testng-results>
